<?xml version="1.0" encoding="UTF-8" ?>
<testsuite tests="7" failures="0" name="br.com.aledsz.rarframework.RarFrameworkTest" time="48.286" errors="0" skipped="0">
  <properties>
[...]
</properties>
  <testcase classname="br.com.aledsz.rarframework.RarFrameworkTest" name="testSaveData" time="45.665"/>
  <testcase classname="br.com.aledsz.rarframework.RarFrameworkTest" name="testFindAllData" time="0.001"/>
  <testcase classname="br.com.aledsz.rarframework.RarFrameworkTest" name="testFindData" time="0.035"/>
  <testcase classname="br.com.aledsz.rarframework.RarFrameworkTest" name="testPropertyList" time="0"/>
  <testcase classname="br.com.aledsz.rarframework.RarFrameworkTest" name="testRemoveData" time="1.522"/>
  <testcase classname="br.com.aledsz.rarframework.RarFrameworkTest" name="testConnect" time="0.002"/>
  <testcase classname="br.com.aledsz.rarframework.RarFrameworkTest" name="testCreateData" time="1.061"/>
</testsuite>